DEBUG【2024/04/13 12:09:31】ExportExcelFromJson：開始
DEBUG【2024/04/13 12:09:31】jsonファイルの読み取り：開始
DEBUG【2024/04/13 12:09:31】jsonファイルパス：.\json\multipleProcess.json
INFO 【2024/04/13 12:09:31】JSON文字列：{
  "HeaderInfo": {
    "AssemblyVersion": "1.4.1.1",
    "BaseSiteId": 11469811,
    "Server": "https://pleasanter.net/fs",
    "CreatorName": "浦田 哲平",
    "PackageTime": "2024-04-01T02:37:53.197351+00:00",
    "Convertors": [
      {
        "SiteId": 11469811,
        "SiteTitle": "複数プロセス",
        "ReferenceType": "Results",
        "IncludeData": false
      }
    ],
    "IncludeSitePermission": true,
    "IncludeRecordPermission": true,
    "IncludeColumnPermission": true,
    "IncludeNotifications": true,
    "IncludeReminders": true
  },
  "Sites": [
    {
      "TenantId": 1,
      "SiteId": 11469811,
      "Title": "複数プロセス",
      "SiteName": "",
      "SiteGroupName": "",
      "Body": "",
      "GridGuide": "",
      "EditorGuide": "",
      "CalendarGuide": "",
      "CrosstabGuide": "",
      "GanttGuide": "",
      "BurnDownGuide": "",
      "TimeSeriesGuide": "",
      "AnalyGuide": "",
      "KambanGuide": "",
      "ImageLibGuide": "",
      "ReferenceType": "Results",
      "ParentId": 11469552,
      "InheritPermission": 10453386,
      "SiteSettings": {
        "Version": 1.017,
        "ReferenceType": "Results",
        "Columns": [
          {
            "ColumnName": "Status",
            "ChoicesText": "100,未着手,未,status-new\n150,準備,準,status-preparation\n300,レビュー,レ,status-review\n900,完了,完,status-closed\n910,保留,留,status-rejected"
          }
        ],
        "Processes": [
          {
            "Id": 1,
            "Name": "SampleProcess1",
            "DisplayName": "SampleProcess1",
            "CurrentStatus": 100,
            "ChangedStatus": 150,
            "View": {
              "Id": 0,
              "ApiColumnKeyDisplayType": 0,
              "ApiColumnValueDisplayType": 0,
              "CalendarSiteId": 0,
              "ApiDataType": 0
            }
          },
          {
            "Id": 2,
            "Name": "SampleProcess2",
            "DisplayName": "SampleProcess2",
            "CurrentStatus": 150,
            "ChangedStatus": 300,
            "View": {
              "Id": 0,
              "ApiColumnKeyDisplayType": 0,
              "ApiColumnValueDisplayType": 0,
              "CalendarSiteId": 0,
              "ApiDataType": 0
            }
          },
          {
            "Id": 3,
            "Name": "SampleProcess3",
            "DisplayName": "SampleProcess3",
            "CurrentStatus": 300,
            "ChangedStatus": 900,
            "View": {
              "Id": 0,
              "ApiColumnKeyDisplayType": 0,
              "ApiColumnValueDisplayType": 0,
              "CalendarSiteId": 0,
              "ApiDataType": 0
            }
          }
        ],
        "NoDisplayIfReadOnly": false
      },
      "Publish": false,
      "DisableCrossSearch": false,
      "Comments": []
    }
  ],
  "Data": [],
  "Permissions": [
    {
      "SiteId": 11469811,
      "Permissions": []
    }
  ],
  "PermissionIdList": {
    "DeptIdList": [],
    "GroupIdList": [],
    "UserIdList": []
  }
}
DEBUG【2024/04/13 12:09:31】jsonファイルの読み取り：終了
DEBUG【2024/04/13 12:09:31】jsonオブジェクトの生成処理：開始
INFO 【2024/04/13 12:09:31】JSONオブジェクト：{
  "HeaderInfo": {
    "AssemblyVersion": "1.4.1.1",
    "BaseSiteId": 11469811,
    "Server": "https://pleasanter.net/fs",
    "CreatorName": "浦田 哲平",
    "PackageTime": "2024-04-01T11:37:53.197351+09:00",
    "Convertors": [
      {
        "SiteId": 11469811,
        "SiteTitle": "複数プロセス",
        "ReferenceType": "Results",
        "IncludeData": false
      }
    ],
    "IncludeSitePermission": true,
    "IncludeRecordPermission": true,
    "IncludeColumnPermission": true,
    "IncludeNotifications": true,
    "IncludeReminders": true
  },
  "Sites": [
    {
      "TenantId": 1,
      "SiteId": 11469811,
      "Title": "複数プロセス",
      "SiteName": "",
      "SiteGroupName": "",
      "Body": "",
      "GridGuide": "",
      "EditorGuide": "",
      "CalendarGuide": "",
      "CrosstabGuide": "",
      "GanttGuide": "",
      "BurnDownGuide": "",
      "TimeSeriesGuide": "",
      "AnalyGuide": "",
      "KambanGuide": "",
      "ImageLibGuide": "",
      "ReferenceType": "Results",
      "ParentId": 11469552,
      "InheritPermission": 10453386,
      "SiteSettings": {
        "Version": 1.017,
        "ReferenceType": "Results",
        "Columns": [
          {
            "ColumnName": "Status",
            "ChoicesText": "100,未着手,未,status-new\n150,準備,準,status-preparation\n300,レビュー,レ,status-review\n900,完了,完,status-closed\n910,保留,留,status-rejected"
          }
        ],
        "Processes": [
          {
            "Id": 1,
            "Name": "SampleProcess1",
            "DisplayName": "SampleProcess1",
            "CurrentStatus": 100,
            "ChangedStatus": 150,
            "View": {
              "Id": 0,
              "ApiColumnKeyDisplayType": 0,
              "ApiColumnValueDisplayType": 0,
              "CalendarSiteId": 0,
              "ApiDataType": 0
            }
          },
          {
            "Id": 2,
            "Name": "SampleProcess2",
            "DisplayName": "SampleProcess2",
            "CurrentStatus": 150,
            "ChangedStatus": 300,
            "View": {
              "Id": 0,
              "ApiColumnKeyDisplayType": 0,
              "ApiColumnValueDisplayType": 0,
              "CalendarSiteId": 0,
              "ApiDataType": 0
            }
          },
          {
            "Id": 3,
            "Name": "SampleProcess3",
            "DisplayName": "SampleProcess3",
            "CurrentStatus": 300,
            "ChangedStatus": 900,
            "View": {
              "Id": 0,
              "ApiColumnKeyDisplayType": 0,
              "ApiColumnValueDisplayType": 0,
              "CalendarSiteId": 0,
              "ApiDataType": 0
            }
          }
        ],
        "NoDisplayIfReadOnly": false
      },
      "Publish": false,
      "DisableCrossSearch": false,
      "Comments": []
    }
  ],
  "Data": [],
  "Permissions": [
    {
      "SiteId": 11469811,
      "Permissions": []
    }
  ],
  "PermissionIdList": {
    "DeptIdList": [],
    "GroupIdList": [],
    "UserIdList": []
  }
}
DEBUG【2024/04/13 12:09:31】jsonオブジェクトの生成処理：終了
DEBUG【2024/04/13 12:09:31】サイト設定取得処理：開始
DEBUG【2024/04/13 12:09:31】ステータスの取得処理：開始
INFO 【2024/04/13 12:09:31】ステータス数：10
DEBUG【2024/04/13 12:09:31】ステータスの取得処理：終了
DEBUG【2024/04/13 12:09:31】プロセスの取得処理：開始
INFO 【2024/04/13 12:09:31】プロセス数：3
DEBUG【2024/04/13 12:09:31】プロセスの取得処理：終了
DEBUG【2024/04/13 12:09:31】サイト設定取得処理：終了
DEBUG【2024/04/13 12:09:31】メモリ作成処理：開始
DEBUG【2024/04/13 12:09:31】メモリ作成処理：終了
DEBUG【2024/04/13 12:09:31】メモリ設定処理：開始
DEBUG【2024/04/13 12:09:31】メモリ領域へのStatus(Column)設定処理：開始
DEBUG【2024/04/13 12:09:31】メモリ領域へのStatus(Column)設定処理：終了
DEBUG【2024/04/13 12:09:31】メモリ領域へのProcess(line)設定処理：開始
DEBUG【2024/04/13 12:09:31】「現在の状況」の設定処理：開始
DEBUG【2024/04/13 12:09:31】「現在の状況」の設定処理：終了
DEBUG【2024/04/13 12:09:31】「変更後の状況」の設定処理：開始
DEBUG【2024/04/13 12:09:31】「変更後の状況」の設定処理：終了
DEBUG【2024/04/13 12:09:31】「現在の状況」の設定処理：開始
DEBUG【2024/04/13 12:09:31】「現在の状況」の設定処理：終了
DEBUG【2024/04/13 12:09:31】「変更後の状況」の設定処理：開始
DEBUG【2024/04/13 12:09:31】「変更後の状況」の設定処理：終了
DEBUG【2024/04/13 12:09:31】「現在の状況」の設定処理：開始
DEBUG【2024/04/13 12:09:31】「現在の状況」の設定処理：終了
DEBUG【2024/04/13 12:09:31】「変更後の状況」の設定処理：開始
DEBUG【2024/04/13 12:09:31】「変更後の状況」の設定処理：終了
DEBUG【2024/04/13 12:09:31】メモリ領域へのProcess(line)設定処理：終了
DEBUG【2024/04/13 12:09:31】メモリ設定処理：終了
DEBUG【2024/04/13 12:09:31】Excel出力処理：開始
DEBUG【2024/04/13 12:09:31】Excelアクセス処理：開始
DEBUG【2024/04/13 12:09:34】Excel操作処理：開始
DEBUG【2024/04/13 12:09:34】既存ブックが存在しない場合
ERROR【2024/04/13 12:09:34】例外が発生しました。
DEBUG【2024/04/13 12:09:34】Excel操作処理：終了
DEBUG【2024/04/13 12:09:34】Excelアクセス処理：終了
DEBUG【2024/04/13 12:09:34】Excel出力処理：終了
DEBUG【2024/04/13 12:09:34】ExportExcelFromJson：終了
DEBUG【2024/04/13 12:09:34】処理時間：3143ms
