INFO 【2024/04/01 13:43:53】ExportExcelFromJson：開始
INFO 【2024/04/01 13:43:53】jsonファイルの読み取り：開始
INFO 【2024/04/01 13:43:53】jsonファイルパス：C:\Implem\個人フォルダ_PublicRepository\PublicRepository\6. C#\作成中\ExportExcelFromJson\ExportExcelFromJson\bin\Debug\net8.0\json\multipleProcess.json
INFO 【2024/04/01 13:43:53】jsonファイルの読み取り：終了
INFO 【2024/04/01 13:43:53】jsonオブジェクトの生成処理：開始
INFO 【2024/04/01 13:43:53】jsonオブジェクトの生成処理：終了
INFO 【2024/04/01 13:43:53】ステータスの取得処理：開始
INFO 【2024/04/01 13:43:53】Excelアクセス処理：開始
INFO 【2024/04/01 13:43:55】Excel操作処理：開始
INFO 【2024/04/01 13:43:55】既存ブックが存在しない場合
INFO 【2024/04/01 13:43:55】C:\Implem\個人フォルダ_PublicRepository\PublicRepository\6. C#\作成中\ExportExcelFromJson\ExportExcelFromJson\bin\Debug\net8.0\excel\20240401134353_sitesettings.xlsx
INFO 【2024/04/01 13:43:55】Excel操作処理：終了
INFO 【2024/04/01 13:43:56】Excelアクセス処理：終了
INFO 【2024/04/01 13:43:56】Excelアクセス処理：開始
INFO 【2024/04/01 13:43:57】Excel操作処理：開始
INFO 【2024/04/01 13:43:57】既存ブックが存在する場合
INFO 【2024/04/01 13:43:57】C:\Implem\個人フォルダ_PublicRepository\PublicRepository\6. C#\作成中\ExportExcelFromJson\ExportExcelFromJson\bin\Debug\net8.0\excel\20240401134353_sitesettings.xlsx
INFO 【2024/04/01 13:43:57】Excel操作処理：終了
INFO 【2024/04/01 13:43:58】Excelアクセス処理：終了
INFO 【2024/04/01 13:43:58】Excelアクセス処理：開始
INFO 【2024/04/01 13:43:59】Excel操作処理：開始
INFO 【2024/04/01 13:43:59】既存ブックが存在する場合
INFO 【2024/04/01 13:44:00】C:\Implem\個人フォルダ_PublicRepository\PublicRepository\6. C#\作成中\ExportExcelFromJson\ExportExcelFromJson\bin\Debug\net8.0\excel\20240401134353_sitesettings.xlsx
INFO 【2024/04/01 13:44:00】Excel操作処理：終了
INFO 【2024/04/01 13:44:00】Excelアクセス処理：終了
INFO 【2024/04/01 13:44:00】Excelアクセス処理：開始
INFO 【2024/04/01 13:44:01】Excel操作処理：開始
INFO 【2024/04/01 13:44:01】既存ブックが存在する場合
INFO 【2024/04/01 13:44:01】C:\Implem\個人フォルダ_PublicRepository\PublicRepository\6. C#\作成中\ExportExcelFromJson\ExportExcelFromJson\bin\Debug\net8.0\excel\20240401134353_sitesettings.xlsx
INFO 【2024/04/01 13:44:01】Excel操作処理：終了
INFO 【2024/04/01 13:44:01】Excelアクセス処理：終了
INFO 【2024/04/01 13:44:01】Excelアクセス処理：開始
INFO 【2024/04/01 13:44:03】Excel操作処理：開始
INFO 【2024/04/01 13:44:03】既存ブックが存在する場合
INFO 【2024/04/01 13:44:03】C:\Implem\個人フォルダ_PublicRepository\PublicRepository\6. C#\作成中\ExportExcelFromJson\ExportExcelFromJson\bin\Debug\net8.0\excel\20240401134353_sitesettings.xlsx
INFO 【2024/04/01 13:44:03】Excel操作処理：終了
INFO 【2024/04/01 13:44:03】Excelアクセス処理：終了
INFO 【2024/04/01 13:44:03】ステータスの取得処理：終了
INFO 【2024/04/01 13:44:03】プロセスの取得処理：開始
INFO 【2024/04/01 13:44:03】プロセス設定の読み込み：開始
INFO 【2024/04/01 13:44:03】現在の状況の比較処理：開始
INFO 【2024/04/01 13:44:03】Excelアクセス処理：開始
INFO 【2024/04/01 13:44:04】Excel操作処理：開始
INFO 【2024/04/01 13:44:04】既存ブックが存在する場合
INFO 【2024/04/01 13:44:05】C:\Implem\個人フォルダ_PublicRepository\PublicRepository\6. C#\作成中\ExportExcelFromJson\ExportExcelFromJson\bin\Debug\net8.0\excel\20240401134353_sitesettings.xlsx
INFO 【2024/04/01 13:44:05】Excel操作処理：終了
INFO 【2024/04/01 13:44:05】Excelアクセス処理：終了
INFO 【2024/04/01 13:44:05】Excelアクセス処理：開始
INFO 【2024/04/01 13:44:06】Excel操作処理：開始
INFO 【2024/04/01 13:44:06】既存ブックが存在する場合
INFO 【2024/04/01 13:44:07】C:\Implem\個人フォルダ_PublicRepository\PublicRepository\6. C#\作成中\ExportExcelFromJson\ExportExcelFromJson\bin\Debug\net8.0\excel\20240401134353_sitesettings.xlsx
INFO 【2024/04/01 13:44:07】Excel操作処理：終了
INFO 【2024/04/01 13:44:07】Excelアクセス処理：終了
INFO 【2024/04/01 13:44:07】Excelアクセス処理：開始
INFO 【2024/04/01 13:44:08】Excel操作処理：開始
INFO 【2024/04/01 13:44:08】既存ブックが存在する場合
INFO 【2024/04/01 13:44:08】C:\Implem\個人フォルダ_PublicRepository\PublicRepository\6. C#\作成中\ExportExcelFromJson\ExportExcelFromJson\bin\Debug\net8.0\excel\20240401134353_sitesettings.xlsx
INFO 【2024/04/01 13:44:08】Excel操作処理：終了
INFO 【2024/04/01 13:44:09】Excelアクセス処理：終了
INFO 【2024/04/01 13:44:09】Excelアクセス処理：開始
INFO 【2024/04/01 13:44:10】Excel操作処理：開始
INFO 【2024/04/01 13:44:10】既存ブックが存在する場合
INFO 【2024/04/01 13:44:10】C:\Implem\個人フォルダ_PublicRepository\PublicRepository\6. C#\作成中\ExportExcelFromJson\ExportExcelFromJson\bin\Debug\net8.0\excel\20240401134353_sitesettings.xlsx
INFO 【2024/04/01 13:44:10】Excel操作処理：終了
INFO 【2024/04/01 13:44:10】Excelアクセス処理：終了
INFO 【2024/04/01 13:44:10】Excelアクセス処理：開始
INFO 【2024/04/01 13:44:12】Excel操作処理：開始
INFO 【2024/04/01 13:44:12】既存ブックが存在する場合
INFO 【2024/04/01 13:44:12】C:\Implem\個人フォルダ_PublicRepository\PublicRepository\6. C#\作成中\ExportExcelFromJson\ExportExcelFromJson\bin\Debug\net8.0\excel\20240401134353_sitesettings.xlsx
INFO 【2024/04/01 13:44:12】Excel操作処理：終了
INFO 【2024/04/01 13:44:12】Excelアクセス処理：終了
INFO 【2024/04/01 13:44:12】Excelアクセス処理：開始
INFO 【2024/04/01 13:44:14】Excel操作処理：開始
INFO 【2024/04/01 13:44:14】既存ブックが存在する場合
INFO 【2024/04/01 13:44:14】C:\Implem\個人フォルダ_PublicRepository\PublicRepository\6. C#\作成中\ExportExcelFromJson\ExportExcelFromJson\bin\Debug\net8.0\excel\20240401134353_sitesettings.xlsx
INFO 【2024/04/01 13:44:14】Excel操作処理：終了
INFO 【2024/04/01 13:44:14】Excelアクセス処理：終了
INFO 【2024/04/01 13:44:14】Excelアクセス処理：開始
INFO 【2024/04/01 13:44:15】Excel操作処理：開始
INFO 【2024/04/01 13:44:15】既存ブックが存在する場合
INFO 【2024/04/01 13:44:16】C:\Implem\個人フォルダ_PublicRepository\PublicRepository\6. C#\作成中\ExportExcelFromJson\ExportExcelFromJson\bin\Debug\net8.0\excel\20240401134353_sitesettings.xlsx
INFO 【2024/04/01 13:44:16】Excel操作処理：終了
INFO 【2024/04/01 13:44:16】Excelアクセス処理：終了
INFO 【2024/04/01 13:44:16】Excelアクセス処理：開始
INFO 【2024/04/01 13:44:17】Excel操作処理：開始
INFO 【2024/04/01 13:44:17】既存ブックが存在する場合
INFO 【2024/04/01 13:44:18】C:\Implem\個人フォルダ_PublicRepository\PublicRepository\6. C#\作成中\ExportExcelFromJson\ExportExcelFromJson\bin\Debug\net8.0\excel\20240401134353_sitesettings.xlsx
INFO 【2024/04/01 13:44:18】Excel操作処理：終了
INFO 【2024/04/01 13:44:18】Excelアクセス処理：終了
INFO 【2024/04/01 13:44:18】Excelアクセス処理：開始
INFO 【2024/04/01 13:44:19】Excel操作処理：開始
INFO 【2024/04/01 13:44:19】既存ブックが存在する場合
INFO 【2024/04/01 13:44:20】C:\Implem\個人フォルダ_PublicRepository\PublicRepository\6. C#\作成中\ExportExcelFromJson\ExportExcelFromJson\bin\Debug\net8.0\excel\20240401134353_sitesettings.xlsx
INFO 【2024/04/01 13:44:20】Excel操作処理：終了
INFO 【2024/04/01 13:44:20】Excelアクセス処理：終了
INFO 【2024/04/01 13:44:20】Excelアクセス処理：開始
INFO 【2024/04/01 13:44:21】Excel操作処理：開始
INFO 【2024/04/01 13:44:21】既存ブックが存在する場合
INFO 【2024/04/01 13:44:21】C:\Implem\個人フォルダ_PublicRepository\PublicRepository\6. C#\作成中\ExportExcelFromJson\ExportExcelFromJson\bin\Debug\net8.0\excel\20240401134353_sitesettings.xlsx
INFO 【2024/04/01 13:44:21】Excel操作処理：終了
INFO 【2024/04/01 13:44:21】Excelアクセス処理：終了
INFO 【2024/04/01 13:44:21】Excelアクセス処理：開始
INFO 【2024/04/01 13:44:23】Excel操作処理：開始
INFO 【2024/04/01 13:44:23】既存ブックが存在する場合
INFO 【2024/04/01 13:44:23】C:\Implem\個人フォルダ_PublicRepository\PublicRepository\6. C#\作成中\ExportExcelFromJson\ExportExcelFromJson\bin\Debug\net8.0\excel\20240401134353_sitesettings.xlsx
INFO 【2024/04/01 13:44:23】Excel操作処理：終了
INFO 【2024/04/01 13:44:23】Excelアクセス処理：終了
INFO 【2024/04/01 13:44:23】現在の状況の比較処理：終了
INFO 【2024/04/01 13:44:23】変更後の状況の比較処理：開始
INFO 【2024/04/01 13:44:23】Excelアクセス処理：開始
INFO 【2024/04/01 13:44:24】Excel操作処理：開始
INFO 【2024/04/01 13:44:24】既存ブックが存在する場合
INFO 【2024/04/01 13:44:25】C:\Implem\個人フォルダ_PublicRepository\PublicRepository\6. C#\作成中\ExportExcelFromJson\ExportExcelFromJson\bin\Debug\net8.0\excel\20240401134353_sitesettings.xlsx
INFO 【2024/04/01 13:44:25】Excel操作処理：終了
INFO 【2024/04/01 13:44:25】Excelアクセス処理：終了
INFO 【2024/04/01 13:44:25】変更後の状況の比較処理：終了
INFO 【2024/04/01 13:44:25】プロセスの取得処理：終了
INFO 【2024/04/01 13:44:25】プロセス設定の読み込み：開始
INFO 【2024/04/01 13:44:25】現在の状況の比較処理：開始
INFO 【2024/04/01 13:44:25】Excelアクセス処理：開始
INFO 【2024/04/01 13:44:26】Excel操作処理：開始
INFO 【2024/04/01 13:44:26】既存ブックが存在する場合
INFO 【2024/04/01 13:44:27】C:\Implem\個人フォルダ_PublicRepository\PublicRepository\6. C#\作成中\ExportExcelFromJson\ExportExcelFromJson\bin\Debug\net8.0\excel\20240401134353_sitesettings.xlsx
INFO 【2024/04/01 13:44:27】Excel操作処理：終了
INFO 【2024/04/01 13:44:27】Excelアクセス処理：終了
INFO 【2024/04/01 13:44:27】Excelアクセス処理：開始
INFO 【2024/04/01 13:44:28】Excel操作処理：開始
INFO 【2024/04/01 13:44:28】既存ブックが存在する場合
INFO 【2024/04/01 13:44:28】C:\Implem\個人フォルダ_PublicRepository\PublicRepository\6. C#\作成中\ExportExcelFromJson\ExportExcelFromJson\bin\Debug\net8.0\excel\20240401134353_sitesettings.xlsx
INFO 【2024/04/01 13:44:28】Excel操作処理：終了
INFO 【2024/04/01 13:44:28】Excelアクセス処理：終了
INFO 【2024/04/01 13:44:28】Excelアクセス処理：開始
INFO 【2024/04/01 13:44:30】Excel操作処理：開始
INFO 【2024/04/01 13:44:30】既存ブックが存在する場合
INFO 【2024/04/01 13:44:30】C:\Implem\個人フォルダ_PublicRepository\PublicRepository\6. C#\作成中\ExportExcelFromJson\ExportExcelFromJson\bin\Debug\net8.0\excel\20240401134353_sitesettings.xlsx
INFO 【2024/04/01 13:44:30】Excel操作処理：終了
INFO 【2024/04/01 13:44:30】Excelアクセス処理：終了
INFO 【2024/04/01 13:44:30】Excelアクセス処理：開始
INFO 【2024/04/01 13:44:31】Excel操作処理：開始
INFO 【2024/04/01 13:44:31】既存ブックが存在する場合
INFO 【2024/04/01 13:44:32】C:\Implem\個人フォルダ_PublicRepository\PublicRepository\6. C#\作成中\ExportExcelFromJson\ExportExcelFromJson\bin\Debug\net8.0\excel\20240401134353_sitesettings.xlsx
INFO 【2024/04/01 13:44:32】Excel操作処理：終了
INFO 【2024/04/01 13:44:32】Excelアクセス処理：終了
INFO 【2024/04/01 13:44:32】Excelアクセス処理：開始
INFO 【2024/04/01 13:44:33】Excel操作処理：開始
INFO 【2024/04/01 13:44:33】既存ブックが存在する場合
INFO 【2024/04/01 13:44:34】C:\Implem\個人フォルダ_PublicRepository\PublicRepository\6. C#\作成中\ExportExcelFromJson\ExportExcelFromJson\bin\Debug\net8.0\excel\20240401134353_sitesettings.xlsx
INFO 【2024/04/01 13:44:34】Excel操作処理：終了
INFO 【2024/04/01 13:44:34】Excelアクセス処理：終了
INFO 【2024/04/01 13:44:34】Excelアクセス処理：開始
INFO 【2024/04/01 13:44:35】Excel操作処理：開始
INFO 【2024/04/01 13:44:35】既存ブックが存在する場合
INFO 【2024/04/01 13:44:35】C:\Implem\個人フォルダ_PublicRepository\PublicRepository\6. C#\作成中\ExportExcelFromJson\ExportExcelFromJson\bin\Debug\net8.0\excel\20240401134353_sitesettings.xlsx
INFO 【2024/04/01 13:44:35】Excel操作処理：終了
INFO 【2024/04/01 13:44:35】Excelアクセス処理：終了
INFO 【2024/04/01 13:44:35】Excelアクセス処理：開始
INFO 【2024/04/01 13:44:37】Excel操作処理：開始
INFO 【2024/04/01 13:44:37】既存ブックが存在する場合
INFO 【2024/04/01 13:44:37】C:\Implem\個人フォルダ_PublicRepository\PublicRepository\6. C#\作成中\ExportExcelFromJson\ExportExcelFromJson\bin\Debug\net8.0\excel\20240401134353_sitesettings.xlsx
INFO 【2024/04/01 13:44:37】Excel操作処理：終了
INFO 【2024/04/01 13:44:37】Excelアクセス処理：終了
INFO 【2024/04/01 13:44:37】Excelアクセス処理：開始
INFO 【2024/04/01 13:44:38】Excel操作処理：開始
INFO 【2024/04/01 13:44:38】既存ブックが存在する場合
INFO 【2024/04/01 13:44:39】C:\Implem\個人フォルダ_PublicRepository\PublicRepository\6. C#\作成中\ExportExcelFromJson\ExportExcelFromJson\bin\Debug\net8.0\excel\20240401134353_sitesettings.xlsx
INFO 【2024/04/01 13:44:39】Excel操作処理：終了
INFO 【2024/04/01 13:44:39】Excelアクセス処理：終了
INFO 【2024/04/01 13:44:39】Excelアクセス処理：開始
INFO 【2024/04/01 13:44:40】Excel操作処理：開始
INFO 【2024/04/01 13:44:40】既存ブックが存在する場合
INFO 【2024/04/01 13:44:41】C:\Implem\個人フォルダ_PublicRepository\PublicRepository\6. C#\作成中\ExportExcelFromJson\ExportExcelFromJson\bin\Debug\net8.0\excel\20240401134353_sitesettings.xlsx
INFO 【2024/04/01 13:44:41】Excel操作処理：終了
INFO 【2024/04/01 13:44:41】Excelアクセス処理：終了
INFO 【2024/04/01 13:44:41】Excelアクセス処理：開始
INFO 【2024/04/01 13:44:42】Excel操作処理：開始
INFO 【2024/04/01 13:44:42】既存ブックが存在する場合
INFO 【2024/04/01 13:44:43】C:\Implem\個人フォルダ_PublicRepository\PublicRepository\6. C#\作成中\ExportExcelFromJson\ExportExcelFromJson\bin\Debug\net8.0\excel\20240401134353_sitesettings.xlsx
INFO 【2024/04/01 13:44:43】Excel操作処理：終了
INFO 【2024/04/01 13:44:43】Excelアクセス処理：終了
INFO 【2024/04/01 13:44:43】Excelアクセス処理：開始
INFO 【2024/04/01 13:44:44】Excel操作処理：開始
INFO 【2024/04/01 13:44:44】既存ブックが存在する場合
INFO 【2024/04/01 13:44:44】C:\Implem\個人フォルダ_PublicRepository\PublicRepository\6. C#\作成中\ExportExcelFromJson\ExportExcelFromJson\bin\Debug\net8.0\excel\20240401134353_sitesettings.xlsx
INFO 【2024/04/01 13:44:44】Excel操作処理：終了
INFO 【2024/04/01 13:44:44】Excelアクセス処理：終了
INFO 【2024/04/01 13:44:44】現在の状況の比較処理：終了
INFO 【2024/04/01 13:44:44】変更後の状況の比較処理：開始
INFO 【2024/04/01 13:44:44】Excelアクセス処理：開始
INFO 【2024/04/01 13:44:46】Excel操作処理：開始
INFO 【2024/04/01 13:44:46】既存ブックが存在する場合
INFO 【2024/04/01 13:44:46】C:\Implem\個人フォルダ_PublicRepository\PublicRepository\6. C#\作成中\ExportExcelFromJson\ExportExcelFromJson\bin\Debug\net8.0\excel\20240401134353_sitesettings.xlsx
INFO 【2024/04/01 13:44:46】Excel操作処理：終了
INFO 【2024/04/01 13:44:46】Excelアクセス処理：終了
INFO 【2024/04/01 13:44:46】変更後の状況の比較処理：終了
INFO 【2024/04/01 13:44:46】プロセスの取得処理：終了
INFO 【2024/04/01 13:44:46】プロセス設定の読み込み：開始
INFO 【2024/04/01 13:44:46】現在の状況の比較処理：開始
INFO 【2024/04/01 13:44:46】Excelアクセス処理：開始
INFO 【2024/04/01 13:44:47】Excel操作処理：開始
INFO 【2024/04/01 13:44:47】既存ブックが存在する場合
INFO 【2024/04/01 13:44:48】C:\Implem\個人フォルダ_PublicRepository\PublicRepository\6. C#\作成中\ExportExcelFromJson\ExportExcelFromJson\bin\Debug\net8.0\excel\20240401134353_sitesettings.xlsx
INFO 【2024/04/01 13:44:48】Excel操作処理：終了
INFO 【2024/04/01 13:44:48】Excelアクセス処理：終了
INFO 【2024/04/01 13:44:48】Excelアクセス処理：開始
INFO 【2024/04/01 13:44:49】Excel操作処理：開始
INFO 【2024/04/01 13:44:49】既存ブックが存在する場合
INFO 【2024/04/01 13:44:50】C:\Implem\個人フォルダ_PublicRepository\PublicRepository\6. C#\作成中\ExportExcelFromJson\ExportExcelFromJson\bin\Debug\net8.0\excel\20240401134353_sitesettings.xlsx
INFO 【2024/04/01 13:44:50】Excel操作処理：終了
INFO 【2024/04/01 13:44:50】Excelアクセス処理：終了
INFO 【2024/04/01 13:44:50】Excelアクセス処理：開始
INFO 【2024/04/01 13:44:51】Excel操作処理：開始
INFO 【2024/04/01 13:44:51】既存ブックが存在する場合
INFO 【2024/04/01 13:44:52】C:\Implem\個人フォルダ_PublicRepository\PublicRepository\6. C#\作成中\ExportExcelFromJson\ExportExcelFromJson\bin\Debug\net8.0\excel\20240401134353_sitesettings.xlsx
INFO 【2024/04/01 13:44:52】Excel操作処理：終了
INFO 【2024/04/01 13:44:52】Excelアクセス処理：終了
INFO 【2024/04/01 13:44:52】Excelアクセス処理：開始
INFO 【2024/04/01 13:44:53】Excel操作処理：開始
INFO 【2024/04/01 13:44:53】既存ブックが存在する場合
INFO 【2024/04/01 13:44:53】C:\Implem\個人フォルダ_PublicRepository\PublicRepository\6. C#\作成中\ExportExcelFromJson\ExportExcelFromJson\bin\Debug\net8.0\excel\20240401134353_sitesettings.xlsx
INFO 【2024/04/01 13:44:53】Excel操作処理：終了
INFO 【2024/04/01 13:44:54】Excelアクセス処理：終了
INFO 【2024/04/01 13:44:54】Excelアクセス処理：開始
INFO 【2024/04/01 13:44:55】Excel操作処理：開始
INFO 【2024/04/01 13:44:55】既存ブックが存在する場合
INFO 【2024/04/01 13:44:56】C:\Implem\個人フォルダ_PublicRepository\PublicRepository\6. C#\作成中\ExportExcelFromJson\ExportExcelFromJson\bin\Debug\net8.0\excel\20240401134353_sitesettings.xlsx
INFO 【2024/04/01 13:44:56】Excel操作処理：終了
INFO 【2024/04/01 13:44:56】Excelアクセス処理：終了
INFO 【2024/04/01 13:44:56】Excelアクセス処理：開始
INFO 【2024/04/01 13:44:58】Excel操作処理：開始
INFO 【2024/04/01 13:44:58】既存ブックが存在する場合
INFO 【2024/04/01 13:44:58】C:\Implem\個人フォルダ_PublicRepository\PublicRepository\6. C#\作成中\ExportExcelFromJson\ExportExcelFromJson\bin\Debug\net8.0\excel\20240401134353_sitesettings.xlsx
INFO 【2024/04/01 13:44:58】Excel操作処理：終了
INFO 【2024/04/01 13:44:58】Excelアクセス処理：終了
INFO 【2024/04/01 13:44:58】Excelアクセス処理：開始
INFO 【2024/04/01 13:45:00】Excel操作処理：開始
INFO 【2024/04/01 13:45:00】既存ブックが存在する場合
INFO 【2024/04/01 13:45:00】C:\Implem\個人フォルダ_PublicRepository\PublicRepository\6. C#\作成中\ExportExcelFromJson\ExportExcelFromJson\bin\Debug\net8.0\excel\20240401134353_sitesettings.xlsx
INFO 【2024/04/01 13:45:00】Excel操作処理：終了
INFO 【2024/04/01 13:45:00】Excelアクセス処理：終了
INFO 【2024/04/01 13:45:00】Excelアクセス処理：開始
INFO 【2024/04/01 13:45:02】Excel操作処理：開始
INFO 【2024/04/01 13:45:02】既存ブックが存在する場合
INFO 【2024/04/01 13:45:03】C:\Implem\個人フォルダ_PublicRepository\PublicRepository\6. C#\作成中\ExportExcelFromJson\ExportExcelFromJson\bin\Debug\net8.0\excel\20240401134353_sitesettings.xlsx
INFO 【2024/04/01 13:45:03】Excel操作処理：終了
INFO 【2024/04/01 13:45:03】Excelアクセス処理：終了
INFO 【2024/04/01 13:45:03】Excelアクセス処理：開始
INFO 【2024/04/01 13:45:05】Excel操作処理：開始
INFO 【2024/04/01 13:45:05】既存ブックが存在する場合
INFO 【2024/04/01 13:45:06】C:\Implem\個人フォルダ_PublicRepository\PublicRepository\6. C#\作成中\ExportExcelFromJson\ExportExcelFromJson\bin\Debug\net8.0\excel\20240401134353_sitesettings.xlsx
INFO 【2024/04/01 13:45:06】Excel操作処理：終了
INFO 【2024/04/01 13:45:06】Excelアクセス処理：終了
INFO 【2024/04/01 13:45:06】Excelアクセス処理：開始
INFO 【2024/04/01 13:45:07】Excel操作処理：開始
INFO 【2024/04/01 13:45:07】既存ブックが存在する場合
INFO 【2024/04/01 13:45:08】C:\Implem\個人フォルダ_PublicRepository\PublicRepository\6. C#\作成中\ExportExcelFromJson\ExportExcelFromJson\bin\Debug\net8.0\excel\20240401134353_sitesettings.xlsx
INFO 【2024/04/01 13:45:08】Excel操作処理：終了
INFO 【2024/04/01 13:45:08】Excelアクセス処理：終了
INFO 【2024/04/01 13:45:08】Excelアクセス処理：開始
INFO 【2024/04/01 13:45:10】Excel操作処理：開始
INFO 【2024/04/01 13:45:10】既存ブックが存在する場合
INFO 【2024/04/01 13:45:10】C:\Implem\個人フォルダ_PublicRepository\PublicRepository\6. C#\作成中\ExportExcelFromJson\ExportExcelFromJson\bin\Debug\net8.0\excel\20240401134353_sitesettings.xlsx
INFO 【2024/04/01 13:45:10】Excel操作処理：終了
INFO 【2024/04/01 13:45:10】Excelアクセス処理：終了
INFO 【2024/04/01 13:45:10】現在の状況の比較処理：終了
INFO 【2024/04/01 13:45:10】変更後の状況の比較処理：開始
INFO 【2024/04/01 13:45:10】Excelアクセス処理：開始
INFO 【2024/04/01 13:45:11】Excel操作処理：開始
INFO 【2024/04/01 13:45:11】既存ブックが存在する場合
INFO 【2024/04/01 13:45:12】C:\Implem\個人フォルダ_PublicRepository\PublicRepository\6. C#\作成中\ExportExcelFromJson\ExportExcelFromJson\bin\Debug\net8.0\excel\20240401134353_sitesettings.xlsx
INFO 【2024/04/01 13:45:12】Excel操作処理：終了
INFO 【2024/04/01 13:45:12】Excelアクセス処理：終了
INFO 【2024/04/01 13:45:12】変更後の状況の比較処理：終了
INFO 【2024/04/01 13:45:12】プロセスの取得処理：終了
INFO 【2024/04/01 13:45:12】プロセス設定の読み込み：終了
INFO 【2024/04/01 13:45:12】ExportExcelFromJson：終了
INFO 【2024/04/01 13:45:12】処理時間：78746ms
