DEBUG【2024/04/13 12:21:56】ExportExcelFromJson：開始
DEBUG【2024/04/13 12:21:56】jsonファイルの読み取り：開始
DEBUG【2024/04/13 12:21:56】jsonファイルパス：.\json\multipleProcess.json
DEBUG【2024/04/13 12:21:56】jsonファイルの読み取り：終了
DEBUG【2024/04/13 12:21:56】jsonオブジェクトの生成処理：開始
DEBUG【2024/04/13 12:21:56】jsonオブジェクトの生成処理：終了
DEBUG【2024/04/13 12:21:56】サイト設定取得処理：開始
DEBUG【2024/04/13 12:21:56】ステータスの取得処理：開始
INFO 【2024/04/13 12:21:56】ステータス数：10
DEBUG【2024/04/13 12:21:56】ステータスの取得処理：終了
DEBUG【2024/04/13 12:21:56】プロセスの取得処理：開始
INFO 【2024/04/13 12:21:56】プロセス数：3
DEBUG【2024/04/13 12:21:56】プロセスの取得処理：終了
DEBUG【2024/04/13 12:21:56】サイト設定取得処理：終了
DEBUG【2024/04/13 12:21:56】メモリ作成処理：開始
DEBUG【2024/04/13 12:21:56】メモリ作成処理：終了
DEBUG【2024/04/13 12:21:56】メモリ設定処理：開始
DEBUG【2024/04/13 12:21:56】メモリ領域へのStatus(Column)設定処理：開始
DEBUG【2024/04/13 12:21:56】メモリ領域へのStatus(Column)設定処理：終了
DEBUG【2024/04/13 12:21:56】メモリ領域へのProcess(line)設定処理：開始
DEBUG【2024/04/13 12:21:56】「現在の状況」の設定処理：開始
DEBUG【2024/04/13 12:21:56】「現在の状況」の設定処理：終了
DEBUG【2024/04/13 12:21:56】「変更後の状況」の設定処理：開始
DEBUG【2024/04/13 12:21:56】「変更後の状況」の設定処理：終了
DEBUG【2024/04/13 12:21:56】「現在の状況」の設定処理：開始
DEBUG【2024/04/13 12:21:56】「現在の状況」の設定処理：終了
DEBUG【2024/04/13 12:21:56】「変更後の状況」の設定処理：開始
DEBUG【2024/04/13 12:21:56】「変更後の状況」の設定処理：終了
DEBUG【2024/04/13 12:21:56】「現在の状況」の設定処理：開始
DEBUG【2024/04/13 12:21:56】「現在の状況」の設定処理：終了
DEBUG【2024/04/13 12:21:56】「変更後の状況」の設定処理：開始
DEBUG【2024/04/13 12:21:56】「変更後の状況」の設定処理：終了
DEBUG【2024/04/13 12:21:56】メモリ領域へのProcess(line)設定処理：終了
DEBUG【2024/04/13 12:21:56】メモリ設定処理：終了
DEBUG【2024/04/13 12:21:56】Excel出力処理：開始
DEBUG【2024/04/13 12:21:56】Excelアクセス処理：開始
DEBUG【2024/04/13 12:21:58】Excel操作処理：開始
DEBUG【2024/04/13 12:21:58】既存ブックが存在しない場合
DEBUG【2024/04/13 12:21:58】.\excel\20240413122156_sitesettings.xlsx
DEBUG【2024/04/13 12:21:58】Excel操作処理：終了
DEBUG【2024/04/13 12:21:59】Excelアクセス処理：終了
DEBUG【2024/04/13 12:21:59】Excel出力処理：終了
DEBUG【2024/04/13 12:21:59】ExportExcelFromJson：終了
DEBUG【2024/04/13 12:21:59】処理時間：2460ms
