DEBUG【2024/04/13 12:19:44】ExportExcelFromJson：開始
DEBUG【2024/04/13 12:19:44】jsonファイルの読み取り：開始
DEBUG【2024/04/13 12:19:44】jsonファイルパス：.\json\multipleProcess.json
DEBUG【2024/04/13 12:19:44】jsonファイルの読み取り：終了
DEBUG【2024/04/13 12:19:44】jsonオブジェクトの生成処理：開始
DEBUG【2024/04/13 12:19:44】jsonオブジェクトの生成処理：終了
DEBUG【2024/04/13 12:19:44】サイト設定取得処理：開始
DEBUG【2024/04/13 12:19:44】ステータスの取得処理：開始
INFO 【2024/04/13 12:19:44】ステータス数：10
DEBUG【2024/04/13 12:19:44】ステータスの取得処理：終了
DEBUG【2024/04/13 12:19:44】プロセスの取得処理：開始
INFO 【2024/04/13 12:19:44】プロセス数：3
DEBUG【2024/04/13 12:19:44】プロセスの取得処理：終了
DEBUG【2024/04/13 12:19:44】サイト設定取得処理：終了
DEBUG【2024/04/13 12:19:44】メモリ作成処理：開始
DEBUG【2024/04/13 12:19:44】メモリ作成処理：終了
DEBUG【2024/04/13 12:19:44】メモリ設定処理：開始
DEBUG【2024/04/13 12:19:44】メモリ領域へのStatus(Column)設定処理：開始
DEBUG【2024/04/13 12:19:44】メモリ領域へのStatus(Column)設定処理：終了
DEBUG【2024/04/13 12:19:44】メモリ領域へのProcess(line)設定処理：開始
DEBUG【2024/04/13 12:19:44】「現在の状況」の設定処理：開始
DEBUG【2024/04/13 12:19:44】「現在の状況」の設定処理：終了
DEBUG【2024/04/13 12:19:44】「変更後の状況」の設定処理：開始
DEBUG【2024/04/13 12:19:44】「変更後の状況」の設定処理：終了
DEBUG【2024/04/13 12:19:44】「現在の状況」の設定処理：開始
DEBUG【2024/04/13 12:19:44】「現在の状況」の設定処理：終了
DEBUG【2024/04/13 12:19:44】「変更後の状況」の設定処理：開始
DEBUG【2024/04/13 12:19:44】「変更後の状況」の設定処理：終了
DEBUG【2024/04/13 12:19:44】「現在の状況」の設定処理：開始
DEBUG【2024/04/13 12:19:44】「現在の状況」の設定処理：終了
DEBUG【2024/04/13 12:19:44】「変更後の状況」の設定処理：開始
DEBUG【2024/04/13 12:19:44】「変更後の状況」の設定処理：終了
DEBUG【2024/04/13 12:19:44】メモリ領域へのProcess(line)設定処理：終了
DEBUG【2024/04/13 12:19:44】メモリ設定処理：終了
DEBUG【2024/04/13 12:19:44】Excel出力処理：開始
DEBUG【2024/04/13 12:19:44】Excelアクセス処理：開始
DEBUG【2024/04/13 12:19:45】Excel操作処理：開始
DEBUG【2024/04/13 12:19:45】既存ブックが存在しない場合
DEBUG【2024/04/13 12:19:45】.\excel\20240413121943_sitesettings.xlsx
DEBUG【2024/04/13 12:19:45】Excel操作処理：終了
DEBUG【2024/04/13 12:19:46】Excelアクセス処理：終了
DEBUG【2024/04/13 12:19:46】Excel出力処理：終了
DEBUG【2024/04/13 12:19:46】ExportExcelFromJson：終了
DEBUG【2024/04/13 12:19:46】処理時間：2044ms
