INFO 【2024/04/01 13:37:26】ExportExcelFromJson：開始
INFO 【2024/04/01 13:37:26】jsonファイルの読み取り：開始
INFO 【2024/04/01 13:37:26】jsonファイルパス：C:\Implem\個人フォルダ_PublicRepository\PublicRepository\6. C#\作成中\ExportExcelFromJson\ExportExcelFromJson\bin\Debug\net8.0\json\multipleProcess.json
INFO 【2024/04/01 13:37:26】jsonファイルの読み取り：終了
INFO 【2024/04/01 13:37:26】jsonオブジェクトの生成処理：開始
INFO 【2024/04/01 13:37:26】jsonオブジェクトの生成処理：終了
INFO 【2024/04/01 13:37:26】ステータスの取得処理：開始
INFO 【2024/04/01 13:37:26】Excelアクセス処理：開始
INFO 【2024/04/01 13:37:28】Excel操作処理：開始
INFO 【2024/04/01 13:37:28】既存ブックが存在しない場合
INFO 【2024/04/01 13:37:28】C:\Implem\個人フォルダ_PublicRepository\PublicRepository\6. C#\作成中\ExportExcelFromJson\ExportExcelFromJson\bin\Debug\net8.0\excel\20240401133726_sitesettings.xlsx
INFO 【2024/04/01 13:37:28】Excel操作処理：終了
INFO 【2024/04/01 13:37:28】Excelアクセス処理：終了
INFO 【2024/04/01 13:37:28】Excelアクセス処理：開始
INFO 【2024/04/01 13:37:30】Excel操作処理：開始
INFO 【2024/04/01 13:37:30】既存ブックが存在する場合
INFO 【2024/04/01 13:37:31】C:\Implem\個人フォルダ_PublicRepository\PublicRepository\6. C#\作成中\ExportExcelFromJson\ExportExcelFromJson\bin\Debug\net8.0\excel\20240401133726_sitesettings.xlsx
INFO 【2024/04/01 13:37:31】Excel操作処理：終了
INFO 【2024/04/01 13:37:31】Excelアクセス処理：終了
INFO 【2024/04/01 13:37:31】Excelアクセス処理：開始
INFO 【2024/04/01 13:37:32】Excel操作処理：開始
INFO 【2024/04/01 13:37:32】既存ブックが存在する場合
INFO 【2024/04/01 13:37:33】C:\Implem\個人フォルダ_PublicRepository\PublicRepository\6. C#\作成中\ExportExcelFromJson\ExportExcelFromJson\bin\Debug\net8.0\excel\20240401133726_sitesettings.xlsx
INFO 【2024/04/01 13:37:33】Excel操作処理：終了
INFO 【2024/04/01 13:37:33】Excelアクセス処理：終了
INFO 【2024/04/01 13:37:33】Excelアクセス処理：開始
INFO 【2024/04/01 13:37:34】Excel操作処理：開始
INFO 【2024/04/01 13:37:34】既存ブックが存在する場合
INFO 【2024/04/01 13:37:35】C:\Implem\個人フォルダ_PublicRepository\PublicRepository\6. C#\作成中\ExportExcelFromJson\ExportExcelFromJson\bin\Debug\net8.0\excel\20240401133726_sitesettings.xlsx
INFO 【2024/04/01 13:37:35】Excel操作処理：終了
INFO 【2024/04/01 13:37:35】Excelアクセス処理：終了
INFO 【2024/04/01 13:37:35】Excelアクセス処理：開始
INFO 【2024/04/01 13:37:36】Excel操作処理：開始
INFO 【2024/04/01 13:37:36】既存ブックが存在する場合
INFO 【2024/04/01 13:37:37】C:\Implem\個人フォルダ_PublicRepository\PublicRepository\6. C#\作成中\ExportExcelFromJson\ExportExcelFromJson\bin\Debug\net8.0\excel\20240401133726_sitesettings.xlsx
INFO 【2024/04/01 13:37:37】Excel操作処理：終了
INFO 【2024/04/01 13:37:37】Excelアクセス処理：終了
INFO 【2024/04/01 13:37:37】ステータスの取得処理：終了
INFO 【2024/04/01 13:37:37】プロセスの取得処理：開始
INFO 【2024/04/01 13:37:37】プロセス設定の読み込み：開始
INFO 【2024/04/01 13:37:37】現在の状況の比較処理：開始
INFO 【2024/04/01 13:37:37】Excelアクセス処理：開始
INFO 【2024/04/01 13:37:38】Excel操作処理：開始
INFO 【2024/04/01 13:37:38】既存ブックが存在する場合
INFO 【2024/04/01 13:37:38】C:\Implem\個人フォルダ_PublicRepository\PublicRepository\6. C#\作成中\ExportExcelFromJson\ExportExcelFromJson\bin\Debug\net8.0\excel\20240401133726_sitesettings.xlsx
INFO 【2024/04/01 13:37:38】Excel操作処理：終了
INFO 【2024/04/01 13:37:38】Excelアクセス処理：終了
INFO 【2024/04/01 13:37:38】Excelアクセス処理：開始
INFO 【2024/04/01 13:37:40】Excel操作処理：開始
INFO 【2024/04/01 13:37:40】既存ブックが存在する場合
INFO 【2024/04/01 13:37:40】C:\Implem\個人フォルダ_PublicRepository\PublicRepository\6. C#\作成中\ExportExcelFromJson\ExportExcelFromJson\bin\Debug\net8.0\excel\20240401133726_sitesettings.xlsx
INFO 【2024/04/01 13:37:40】Excel操作処理：終了
INFO 【2024/04/01 13:37:40】Excelアクセス処理：終了
INFO 【2024/04/01 13:37:40】Excelアクセス処理：開始
INFO 【2024/04/01 13:37:41】Excel操作処理：開始
INFO 【2024/04/01 13:37:41】既存ブックが存在する場合
INFO 【2024/04/01 13:37:42】C:\Implem\個人フォルダ_PublicRepository\PublicRepository\6. C#\作成中\ExportExcelFromJson\ExportExcelFromJson\bin\Debug\net8.0\excel\20240401133726_sitesettings.xlsx
INFO 【2024/04/01 13:37:42】Excel操作処理：終了
INFO 【2024/04/01 13:37:42】Excelアクセス処理：終了
INFO 【2024/04/01 13:37:42】Excelアクセス処理：開始
INFO 【2024/04/01 13:37:43】Excel操作処理：開始
INFO 【2024/04/01 13:37:43】既存ブックが存在する場合
INFO 【2024/04/01 13:37:44】C:\Implem\個人フォルダ_PublicRepository\PublicRepository\6. C#\作成中\ExportExcelFromJson\ExportExcelFromJson\bin\Debug\net8.0\excel\20240401133726_sitesettings.xlsx
INFO 【2024/04/01 13:37:44】Excel操作処理：終了
INFO 【2024/04/01 13:37:44】Excelアクセス処理：終了
INFO 【2024/04/01 13:37:44】Excelアクセス処理：開始
INFO 【2024/04/01 13:37:45】Excel操作処理：開始
INFO 【2024/04/01 13:37:45】既存ブックが存在する場合
INFO 【2024/04/01 13:37:45】C:\Implem\個人フォルダ_PublicRepository\PublicRepository\6. C#\作成中\ExportExcelFromJson\ExportExcelFromJson\bin\Debug\net8.0\excel\20240401133726_sitesettings.xlsx
INFO 【2024/04/01 13:37:45】Excel操作処理：終了
INFO 【2024/04/01 13:37:45】Excelアクセス処理：終了
INFO 【2024/04/01 13:37:45】Excelアクセス処理：開始
INFO 【2024/04/01 13:37:47】Excel操作処理：開始
INFO 【2024/04/01 13:37:47】既存ブックが存在する場合
INFO 【2024/04/01 13:37:47】C:\Implem\個人フォルダ_PublicRepository\PublicRepository\6. C#\作成中\ExportExcelFromJson\ExportExcelFromJson\bin\Debug\net8.0\excel\20240401133726_sitesettings.xlsx
INFO 【2024/04/01 13:37:47】Excel操作処理：終了
INFO 【2024/04/01 13:37:47】Excelアクセス処理：終了
INFO 【2024/04/01 13:37:47】Excelアクセス処理：開始
INFO 【2024/04/01 13:37:48】Excel操作処理：開始
INFO 【2024/04/01 13:37:48】既存ブックが存在する場合
INFO 【2024/04/01 13:37:49】C:\Implem\個人フォルダ_PublicRepository\PublicRepository\6. C#\作成中\ExportExcelFromJson\ExportExcelFromJson\bin\Debug\net8.0\excel\20240401133726_sitesettings.xlsx
INFO 【2024/04/01 13:37:49】Excel操作処理：終了
INFO 【2024/04/01 13:37:49】Excelアクセス処理：終了
INFO 【2024/04/01 13:37:49】Excelアクセス処理：開始
INFO 【2024/04/01 13:37:50】Excel操作処理：開始
INFO 【2024/04/01 13:37:50】既存ブックが存在する場合
INFO 【2024/04/01 13:37:51】C:\Implem\個人フォルダ_PublicRepository\PublicRepository\6. C#\作成中\ExportExcelFromJson\ExportExcelFromJson\bin\Debug\net8.0\excel\20240401133726_sitesettings.xlsx
INFO 【2024/04/01 13:37:51】Excel操作処理：終了
INFO 【2024/04/01 13:37:51】Excelアクセス処理：終了
INFO 【2024/04/01 13:37:51】Excelアクセス処理：開始
INFO 【2024/04/01 13:37:52】Excel操作処理：開始
INFO 【2024/04/01 13:37:52】既存ブックが存在する場合
INFO 【2024/04/01 13:37:53】C:\Implem\個人フォルダ_PublicRepository\PublicRepository\6. C#\作成中\ExportExcelFromJson\ExportExcelFromJson\bin\Debug\net8.0\excel\20240401133726_sitesettings.xlsx
INFO 【2024/04/01 13:37:53】Excel操作処理：終了
INFO 【2024/04/01 13:37:53】Excelアクセス処理：終了
INFO 【2024/04/01 13:37:53】Excelアクセス処理：開始
INFO 【2024/04/01 13:37:54】Excel操作処理：開始
INFO 【2024/04/01 13:37:54】既存ブックが存在する場合
INFO 【2024/04/01 13:37:55】C:\Implem\個人フォルダ_PublicRepository\PublicRepository\6. C#\作成中\ExportExcelFromJson\ExportExcelFromJson\bin\Debug\net8.0\excel\20240401133726_sitesettings.xlsx
INFO 【2024/04/01 13:37:55】Excel操作処理：終了
INFO 【2024/04/01 13:37:55】Excelアクセス処理：終了
INFO 【2024/04/01 13:37:55】Excelアクセス処理：開始
INFO 【2024/04/01 13:37:56】Excel操作処理：開始
INFO 【2024/04/01 13:37:56】既存ブックが存在する場合
INFO 【2024/04/01 13:37:57】C:\Implem\個人フォルダ_PublicRepository\PublicRepository\6. C#\作成中\ExportExcelFromJson\ExportExcelFromJson\bin\Debug\net8.0\excel\20240401133726_sitesettings.xlsx
INFO 【2024/04/01 13:37:57】Excel操作処理：終了
INFO 【2024/04/01 13:37:57】Excelアクセス処理：終了
INFO 【2024/04/01 13:37:57】現在の状況の比較処理：終了
INFO 【2024/04/01 13:37:57】変更後の状況の比較処理：開始
INFO 【2024/04/01 13:37:57】Excelアクセス処理：開始
INFO 【2024/04/01 13:37:58】Excel操作処理：開始
INFO 【2024/04/01 13:37:58】既存ブックが存在する場合
INFO 【2024/04/01 13:37:58】C:\Implem\個人フォルダ_PublicRepository\PublicRepository\6. C#\作成中\ExportExcelFromJson\ExportExcelFromJson\bin\Debug\net8.0\excel\20240401133726_sitesettings.xlsx
INFO 【2024/04/01 13:37:58】Excel操作処理：終了
INFO 【2024/04/01 13:37:59】Excelアクセス処理：終了
INFO 【2024/04/01 13:37:59】変更後の状況の比較処理：終了
INFO 【2024/04/01 13:37:59】プロセスの取得処理：終了
INFO 【2024/04/01 13:37:59】プロセス設定の読み込み：開始
INFO 【2024/04/01 13:37:59】現在の状況の比較処理：開始
INFO 【2024/04/01 13:37:59】Excelアクセス処理：開始
INFO 【2024/04/01 13:38:00】Excel操作処理：開始
INFO 【2024/04/01 13:38:00】既存ブックが存在する場合
INFO 【2024/04/01 13:38:00】C:\Implem\個人フォルダ_PublicRepository\PublicRepository\6. C#\作成中\ExportExcelFromJson\ExportExcelFromJson\bin\Debug\net8.0\excel\20240401133726_sitesettings.xlsx
INFO 【2024/04/01 13:38:00】Excel操作処理：終了
INFO 【2024/04/01 13:38:00】Excelアクセス処理：終了
INFO 【2024/04/01 13:38:00】Excelアクセス処理：開始
INFO 【2024/04/01 13:38:02】Excel操作処理：開始
INFO 【2024/04/01 13:38:02】既存ブックが存在する場合
INFO 【2024/04/01 13:38:02】C:\Implem\個人フォルダ_PublicRepository\PublicRepository\6. C#\作成中\ExportExcelFromJson\ExportExcelFromJson\bin\Debug\net8.0\excel\20240401133726_sitesettings.xlsx
INFO 【2024/04/01 13:38:02】Excel操作処理：終了
INFO 【2024/04/01 13:38:02】Excelアクセス処理：終了
INFO 【2024/04/01 13:38:02】Excelアクセス処理：開始
INFO 【2024/04/01 13:38:03】Excel操作処理：開始
INFO 【2024/04/01 13:38:03】既存ブックが存在する場合
INFO 【2024/04/01 13:38:04】C:\Implem\個人フォルダ_PublicRepository\PublicRepository\6. C#\作成中\ExportExcelFromJson\ExportExcelFromJson\bin\Debug\net8.0\excel\20240401133726_sitesettings.xlsx
INFO 【2024/04/01 13:38:04】Excel操作処理：終了
INFO 【2024/04/01 13:38:04】Excelアクセス処理：終了
INFO 【2024/04/01 13:38:04】Excelアクセス処理：開始
INFO 【2024/04/01 13:38:05】Excel操作処理：開始
INFO 【2024/04/01 13:38:05】既存ブックが存在する場合
INFO 【2024/04/01 13:38:05】C:\Implem\個人フォルダ_PublicRepository\PublicRepository\6. C#\作成中\ExportExcelFromJson\ExportExcelFromJson\bin\Debug\net8.0\excel\20240401133726_sitesettings.xlsx
INFO 【2024/04/01 13:38:05】Excel操作処理：終了
INFO 【2024/04/01 13:38:06】Excelアクセス処理：終了
INFO 【2024/04/01 13:38:06】Excelアクセス処理：開始
INFO 【2024/04/01 13:38:07】Excel操作処理：開始
INFO 【2024/04/01 13:38:07】既存ブックが存在する場合
INFO 【2024/04/01 13:38:07】C:\Implem\個人フォルダ_PublicRepository\PublicRepository\6. C#\作成中\ExportExcelFromJson\ExportExcelFromJson\bin\Debug\net8.0\excel\20240401133726_sitesettings.xlsx
INFO 【2024/04/01 13:38:07】Excel操作処理：終了
INFO 【2024/04/01 13:38:07】Excelアクセス処理：終了
INFO 【2024/04/01 13:38:07】Excelアクセス処理：開始
INFO 【2024/04/01 13:38:09】Excel操作処理：開始
INFO 【2024/04/01 13:38:09】既存ブックが存在する場合
INFO 【2024/04/01 13:38:09】C:\Implem\個人フォルダ_PublicRepository\PublicRepository\6. C#\作成中\ExportExcelFromJson\ExportExcelFromJson\bin\Debug\net8.0\excel\20240401133726_sitesettings.xlsx
INFO 【2024/04/01 13:38:09】Excel操作処理：終了
INFO 【2024/04/01 13:38:09】Excelアクセス処理：終了
INFO 【2024/04/01 13:38:09】Excelアクセス処理：開始
INFO 【2024/04/01 13:38:10】Excel操作処理：開始
INFO 【2024/04/01 13:38:10】既存ブックが存在する場合
INFO 【2024/04/01 13:38:11】C:\Implem\個人フォルダ_PublicRepository\PublicRepository\6. C#\作成中\ExportExcelFromJson\ExportExcelFromJson\bin\Debug\net8.0\excel\20240401133726_sitesettings.xlsx
INFO 【2024/04/01 13:38:11】Excel操作処理：終了
INFO 【2024/04/01 13:38:11】Excelアクセス処理：終了
INFO 【2024/04/01 13:38:11】Excelアクセス処理：開始
INFO 【2024/04/01 13:38:12】Excel操作処理：開始
INFO 【2024/04/01 13:38:12】既存ブックが存在する場合
INFO 【2024/04/01 13:38:13】C:\Implem\個人フォルダ_PublicRepository\PublicRepository\6. C#\作成中\ExportExcelFromJson\ExportExcelFromJson\bin\Debug\net8.0\excel\20240401133726_sitesettings.xlsx
INFO 【2024/04/01 13:38:13】Excel操作処理：終了
INFO 【2024/04/01 13:38:13】Excelアクセス処理：終了
INFO 【2024/04/01 13:38:13】Excelアクセス処理：開始
INFO 【2024/04/01 13:38:14】Excel操作処理：開始
INFO 【2024/04/01 13:38:14】既存ブックが存在する場合
INFO 【2024/04/01 13:38:15】C:\Implem\個人フォルダ_PublicRepository\PublicRepository\6. C#\作成中\ExportExcelFromJson\ExportExcelFromJson\bin\Debug\net8.0\excel\20240401133726_sitesettings.xlsx
INFO 【2024/04/01 13:38:15】Excel操作処理：終了
INFO 【2024/04/01 13:38:15】Excelアクセス処理：終了
INFO 【2024/04/01 13:38:15】Excelアクセス処理：開始
INFO 【2024/04/01 13:38:16】Excel操作処理：開始
INFO 【2024/04/01 13:38:16】既存ブックが存在する場合
INFO 【2024/04/01 13:38:16】C:\Implem\個人フォルダ_PublicRepository\PublicRepository\6. C#\作成中\ExportExcelFromJson\ExportExcelFromJson\bin\Debug\net8.0\excel\20240401133726_sitesettings.xlsx
INFO 【2024/04/01 13:38:16】Excel操作処理：終了
INFO 【2024/04/01 13:38:16】Excelアクセス処理：終了
INFO 【2024/04/01 13:38:16】Excelアクセス処理：開始
INFO 【2024/04/01 13:38:18】Excel操作処理：開始
INFO 【2024/04/01 13:38:18】既存ブックが存在する場合
INFO 【2024/04/01 13:38:18】C:\Implem\個人フォルダ_PublicRepository\PublicRepository\6. C#\作成中\ExportExcelFromJson\ExportExcelFromJson\bin\Debug\net8.0\excel\20240401133726_sitesettings.xlsx
INFO 【2024/04/01 13:38:18】Excel操作処理：終了
INFO 【2024/04/01 13:38:18】Excelアクセス処理：終了
INFO 【2024/04/01 13:38:18】現在の状況の比較処理：終了
INFO 【2024/04/01 13:38:18】変更後の状況の比較処理：開始
INFO 【2024/04/01 13:38:18】Excelアクセス処理：開始
INFO 【2024/04/01 13:38:19】Excel操作処理：開始
INFO 【2024/04/01 13:38:19】既存ブックが存在する場合
INFO 【2024/04/01 13:38:20】C:\Implem\個人フォルダ_PublicRepository\PublicRepository\6. C#\作成中\ExportExcelFromJson\ExportExcelFromJson\bin\Debug\net8.0\excel\20240401133726_sitesettings.xlsx
INFO 【2024/04/01 13:38:20】Excel操作処理：終了
INFO 【2024/04/01 13:38:20】Excelアクセス処理：終了
INFO 【2024/04/01 13:38:20】変更後の状況の比較処理：終了
INFO 【2024/04/01 13:38:20】プロセスの取得処理：終了
INFO 【2024/04/01 13:38:20】プロセス設定の読み込み：開始
INFO 【2024/04/01 13:38:20】現在の状況の比較処理：開始
INFO 【2024/04/01 13:38:20】Excelアクセス処理：開始
INFO 【2024/04/01 13:38:21】Excel操作処理：開始
INFO 【2024/04/01 13:38:21】既存ブックが存在する場合
INFO 【2024/04/01 13:38:22】C:\Implem\個人フォルダ_PublicRepository\PublicRepository\6. C#\作成中\ExportExcelFromJson\ExportExcelFromJson\bin\Debug\net8.0\excel\20240401133726_sitesettings.xlsx
INFO 【2024/04/01 13:38:22】Excel操作処理：終了
INFO 【2024/04/01 13:38:22】Excelアクセス処理：終了
INFO 【2024/04/01 13:38:22】Excelアクセス処理：開始
INFO 【2024/04/01 13:38:23】Excel操作処理：開始
INFO 【2024/04/01 13:38:23】既存ブックが存在する場合
INFO 【2024/04/01 13:38:23】C:\Implem\個人フォルダ_PublicRepository\PublicRepository\6. C#\作成中\ExportExcelFromJson\ExportExcelFromJson\bin\Debug\net8.0\excel\20240401133726_sitesettings.xlsx
INFO 【2024/04/01 13:38:23】Excel操作処理：終了
INFO 【2024/04/01 13:38:24】Excelアクセス処理：終了
INFO 【2024/04/01 13:38:24】Excelアクセス処理：開始
INFO 【2024/04/01 13:38:25】Excel操作処理：開始
INFO 【2024/04/01 13:38:25】既存ブックが存在する場合
INFO 【2024/04/01 13:38:25】C:\Implem\個人フォルダ_PublicRepository\PublicRepository\6. C#\作成中\ExportExcelFromJson\ExportExcelFromJson\bin\Debug\net8.0\excel\20240401133726_sitesettings.xlsx
INFO 【2024/04/01 13:38:25】Excel操作処理：終了
INFO 【2024/04/01 13:38:25】Excelアクセス処理：終了
INFO 【2024/04/01 13:38:25】Excelアクセス処理：開始
INFO 【2024/04/01 13:38:27】Excel操作処理：開始
INFO 【2024/04/01 13:38:27】既存ブックが存在する場合
INFO 【2024/04/01 13:38:27】C:\Implem\個人フォルダ_PublicRepository\PublicRepository\6. C#\作成中\ExportExcelFromJson\ExportExcelFromJson\bin\Debug\net8.0\excel\20240401133726_sitesettings.xlsx
INFO 【2024/04/01 13:38:27】Excel操作処理：終了
INFO 【2024/04/01 13:38:27】Excelアクセス処理：終了
INFO 【2024/04/01 13:38:27】Excelアクセス処理：開始
INFO 【2024/04/01 13:38:28】Excel操作処理：開始
INFO 【2024/04/01 13:38:28】既存ブックが存在する場合
INFO 【2024/04/01 13:38:29】C:\Implem\個人フォルダ_PublicRepository\PublicRepository\6. C#\作成中\ExportExcelFromJson\ExportExcelFromJson\bin\Debug\net8.0\excel\20240401133726_sitesettings.xlsx
INFO 【2024/04/01 13:38:29】Excel操作処理：終了
INFO 【2024/04/01 13:38:29】Excelアクセス処理：終了
INFO 【2024/04/01 13:38:29】Excelアクセス処理：開始
INFO 【2024/04/01 13:38:30】Excel操作処理：開始
INFO 【2024/04/01 13:38:30】既存ブックが存在する場合
INFO 【2024/04/01 13:38:31】C:\Implem\個人フォルダ_PublicRepository\PublicRepository\6. C#\作成中\ExportExcelFromJson\ExportExcelFromJson\bin\Debug\net8.0\excel\20240401133726_sitesettings.xlsx
INFO 【2024/04/01 13:38:31】Excel操作処理：終了
INFO 【2024/04/01 13:38:31】Excelアクセス処理：終了
INFO 【2024/04/01 13:38:31】Excelアクセス処理：開始
INFO 【2024/04/01 13:38:32】Excel操作処理：開始
INFO 【2024/04/01 13:38:32】既存ブックが存在する場合
INFO 【2024/04/01 13:38:33】C:\Implem\個人フォルダ_PublicRepository\PublicRepository\6. C#\作成中\ExportExcelFromJson\ExportExcelFromJson\bin\Debug\net8.0\excel\20240401133726_sitesettings.xlsx
INFO 【2024/04/01 13:38:33】Excel操作処理：終了
INFO 【2024/04/01 13:38:33】Excelアクセス処理：終了
INFO 【2024/04/01 13:38:33】Excelアクセス処理：開始
INFO 【2024/04/01 13:38:34】Excel操作処理：開始
INFO 【2024/04/01 13:38:34】既存ブックが存在する場合
INFO 【2024/04/01 13:38:34】C:\Implem\個人フォルダ_PublicRepository\PublicRepository\6. C#\作成中\ExportExcelFromJson\ExportExcelFromJson\bin\Debug\net8.0\excel\20240401133726_sitesettings.xlsx
INFO 【2024/04/01 13:38:34】Excel操作処理：終了
INFO 【2024/04/01 13:38:34】Excelアクセス処理：終了
INFO 【2024/04/01 13:38:34】Excelアクセス処理：開始
INFO 【2024/04/01 13:38:36】Excel操作処理：開始
INFO 【2024/04/01 13:38:36】既存ブックが存在する場合
INFO 【2024/04/01 13:38:36】C:\Implem\個人フォルダ_PublicRepository\PublicRepository\6. C#\作成中\ExportExcelFromJson\ExportExcelFromJson\bin\Debug\net8.0\excel\20240401133726_sitesettings.xlsx
INFO 【2024/04/01 13:38:36】Excel操作処理：終了
INFO 【2024/04/01 13:38:36】Excelアクセス処理：終了
INFO 【2024/04/01 13:38:36】Excelアクセス処理：開始
INFO 【2024/04/01 13:38:37】Excel操作処理：開始
INFO 【2024/04/01 13:38:37】既存ブックが存在する場合
INFO 【2024/04/01 13:38:38】C:\Implem\個人フォルダ_PublicRepository\PublicRepository\6. C#\作成中\ExportExcelFromJson\ExportExcelFromJson\bin\Debug\net8.0\excel\20240401133726_sitesettings.xlsx
INFO 【2024/04/01 13:38:38】Excel操作処理：終了
INFO 【2024/04/01 13:38:38】Excelアクセス処理：終了
INFO 【2024/04/01 13:38:38】Excelアクセス処理：開始
INFO 【2024/04/01 13:38:40】Excel操作処理：開始
INFO 【2024/04/01 13:38:40】既存ブックが存在する場合
INFO 【2024/04/01 13:38:40】C:\Implem\個人フォルダ_PublicRepository\PublicRepository\6. C#\作成中\ExportExcelFromJson\ExportExcelFromJson\bin\Debug\net8.0\excel\20240401133726_sitesettings.xlsx
INFO 【2024/04/01 13:38:40】Excel操作処理：終了
INFO 【2024/04/01 13:38:40】Excelアクセス処理：終了
INFO 【2024/04/01 13:38:40】現在の状況の比較処理：終了
INFO 【2024/04/01 13:38:40】変更後の状況の比較処理：開始
INFO 【2024/04/01 13:38:40】Excelアクセス処理：開始
INFO 【2024/04/01 13:38:41】Excel操作処理：開始
INFO 【2024/04/01 13:38:41】既存ブックが存在する場合
INFO 【2024/04/01 13:38:42】C:\Implem\個人フォルダ_PublicRepository\PublicRepository\6. C#\作成中\ExportExcelFromJson\ExportExcelFromJson\bin\Debug\net8.0\excel\20240401133726_sitesettings.xlsx
INFO 【2024/04/01 13:38:42】Excel操作処理：終了
INFO 【2024/04/01 13:38:42】Excelアクセス処理：終了
INFO 【2024/04/01 13:38:42】変更後の状況の比較処理：終了
INFO 【2024/04/01 13:38:42】プロセスの取得処理：終了
INFO 【2024/04/01 13:38:42】プロセス設定の読み込み：終了
INFO 【2024/04/01 13:38:42】ExportExcelFromJson：終了
INFO 【2024/04/01 13:38:42】処理時間：75836ms
